{
  "stats": {
    "suites": 1,
    "tests": 2,
    "passes": 2,
    "pending": 0,
    "failures": 0,
    "start": "2022-09-20T00:07:25.110Z",
    "end": "2022-09-20T00:07:43.530Z",
    "duration": 18420,
    "testsRegistered": 2,
    "passPercent": 100,
    "pendingPercent": 0,
    "other": 0,
    "hasOther": false,
    "skipped": 0,
    "hasSkipped": false
  },
  "results": [
    {
      "uuid": "92bc4ce5-557c-4d02-909c-2bcdba9411cf",
      "title": "",
      "fullFile": "cypress\\e2e\\adicionaProduto.cy.js",
      "file": "cypress\\e2e\\adicionaProduto.cy.js",
      "beforeHooks": [],
      "afterHooks": [],
      "tests": [],
      "suites": [
        {
          "uuid": "44aa096d-7978-4305-8cab-d35d037b7983",
          "title": "Login",
          "fullFile": "",
          "file": "",
          "beforeHooks": [],
          "afterHooks": [],
          "tests": [
            {
              "title": "PEsquisar produtos",
              "fullTitle": "Login PEsquisar produtos",
              "timedOut": null,
              "duration": 9139,
              "state": "passed",
              "speed": "medium",
              "pass": true,
              "fail": false,
              "pending": false,
              "context": null,
              "code": "cy.intercept({\n  method: 'GET',\n  url: '/wp-admin/admin-ajax*',\n  query: {\n    term: 'Jacket'\n  }\n}, req => {\n  req.reply({\n    statusCode: 200,\n    body: `${req.query.callback}(\n                    ${JSON.stringify(data.autocompleteSearchData)}\n                )`\n  });\n}), _pages.clicaSpace.searchMagnifier();\n_pages.productSearchPage.search('Jacket');\n_pages.productSearchPage.productList.first().should('have.attr', 'title', 'Ingrid Running Jacket');",
              "err": {},
              "uuid": "5d6a4487-7ccb-4a80-a9d5-449af60d0ce7",
              "parentUUID": "44aa096d-7978-4305-8cab-d35d037b7983",
              "isHook": false,
              "skipped": false
            },
            {
              "title": "Incluri item carrinho de compra",
              "fullTitle": "Login Incluri item carrinho de compra",
              "timedOut": null,
              "duration": 9158,
              "state": "passed",
              "speed": "medium",
              "pass": true,
              "fail": false,
              "pending": false,
              "context": null,
              "code": "cy.intercept({\n  method: 'GET',\n  url: '/prodcut/ingrid-running-jacket*',\n  query: {\n    term: 'ingrid-running-jacket'\n  }\n}, req => {\n  req.reply({\n    statusCode: 200,\n    body: `${req.query.callback}(\n                ${JSON.stringify()}\n            )`\n  });\n}), _pages.adicionaProdutoPage.clicaProduto();\ncy.intercept({\n  method: 'POST',\n  url: 'wp-admin/admin-ajax*',\n  query: {\n    term: 'S'\n  }\n}, req => {\n  req.reply({\n    statusCode: 200,\n    body: `${req.query.callback}(\n                    ${JSON.stringify()}\n                )`\n  });\n}), _pages.sizeProdutoPage.clicaSize();\ncy.intercept({\n  method: 'POST',\n  url: 'wp-admin/admin-ajax*',\n  query: {\n    term: 'Orange'\n  }\n}, req => {\n  req.reply({\n    statusCode: 200,\n    body: `${req.query.callback}(\n                    ${JSON.stringify()}\n                )`\n  });\n}), _pages.colorProdutoPage.clicaColor();\n_pages.skuProdutoPage.skuType.contains('WJ04-S-Orange');\ncy.intercept({\n  method: 'POST',\n  url: 'product/ingrid-running-jacket*',\n  query: {\n    term: 'Comprar'\n  }\n}, req => {\n  req.reply({\n    statusCode: 200,\n    body: `${req.query.callback}(\n                ${JSON.stringify()}\n                )`\n  });\n}), _pages.adicionaComprarPage.clicaComprar();\n_pages.adicionaComprarPage.textComprar.contains('em estoque');\n_pages.adicionaComprarPage.clicaConfere();",
              "err": {},
              "uuid": "fd20b121-a5dc-463b-b764-5433f3c6b7ee",
              "parentUUID": "44aa096d-7978-4305-8cab-d35d037b7983",
              "isHook": false,
              "skipped": false
            }
          ],
          "suites": [],
          "passes": [
            "5d6a4487-7ccb-4a80-a9d5-449af60d0ce7",
            "fd20b121-a5dc-463b-b764-5433f3c6b7ee"
          ],
          "failures": [],
          "pending": [],
          "skipped": [],
          "duration": 18297,
          "root": false,
          "rootEmpty": false,
          "_timeout": 2000
        }
      ],
      "passes": [],
      "failures": [],
      "pending": [],
      "skipped": [],
      "duration": 0,
      "root": true,
      "rootEmpty": true,
      "_timeout": 2000
    }
  ],
  "meta": {
    "mocha": {
      "version": "7.0.1"
    },
    "mochawesome": {
      "options": {
        "quiet": false,
        "reportFilename": "mochawesome",
        "saveHtml": false,
        "saveJson": true,
        "consoleReporter": "spec",
        "useInlineDiffs": false,
        "code": true
      },
      "version": "7.1.3"
    },
    "marge": {
      "options": {
        "reportDir": "cypress/results",
        "overwrite": false,
        "html": false,
        "json": true
      },
      "version": "6.2.0"
    }
  }
}