{
  "stats": {
    "suites": 1,
    "tests": 1,
    "passes": 0,
    "pending": 0,
    "failures": 1,
    "start": "2022-09-20T00:07:49.594Z",
    "end": "2022-09-20T00:08:00.181Z",
    "duration": 10587,
    "testsRegistered": 1,
    "passPercent": 0,
    "pendingPercent": 0,
    "other": 0,
    "hasOther": false,
    "skipped": 0,
    "hasSkipped": false
  },
  "results": [
    {
      "uuid": "7a8d0cd8-f957-4d6e-abd0-d01fa6c70ed8",
      "title": "",
      "fullFile": "cypress\\e2e\\atualizaCarrinho.cy.js",
      "file": "cypress\\e2e\\atualizaCarrinho.cy.js",
      "beforeHooks": [],
      "afterHooks": [],
      "tests": [],
      "suites": [
        {
          "uuid": "272dcb8b-1746-479d-ab24-dc8ab7d07c3c",
          "title": "Checkout",
          "fullFile": "",
          "file": "",
          "beforeHooks": [],
          "afterHooks": [],
          "tests": [
            {
              "title": "Atualizar carrinho de compras",
              "fullTitle": "Checkout Atualizar carrinho de compras",
              "timedOut": null,
              "duration": 10473,
              "state": "failed",
              "speed": null,
              "pass": false,
              "fail": true,
              "pending": false,
              "context": null,
              "code": "cy.intercept({\n  method: 'GET',\n  url: '/carrinho/*',\n  query: {\n    term: 'View Cart'\n  }\n}, req => {\n  req.reply({\n    statusCode: 200,\n    body: `${req.query.callback}(\n                ${JSON.stringify()}\n            )`\n  });\n}), _pages.verCarrinhoPage.clicaCarrinho();\n_pages.verCarrinhoPage.clicaViewCart();\ncy.intercept({\n  method: 'POST',\n  url: 'carrinho/*',\n  query: {\n    term: 'plus'\n  }\n}, req => {\n  req.reply({\n    statusCode: 302,\n    body: `${req.query.callback}(\n                    ${JSON.stringify()}\n                )`\n  });\n}), _pages.atualizarCarrinho.digitaQtd();\ncy.intercept({\n  method: 'POST',\n  url: 'carrinho/*',\n  query: {\n    term: 'plus'\n  }\n}, req => {\n  req.reply({\n    statusCode: 302,\n    body: `${req.query.callback}(\n                        ${JSON.stringify()}\n                    )`\n  });\n});",
              "err": {
                "message": "AssertionError: Timed out retrying after 4000ms: Expected to find element: `#cart > .dropdown-menu > .widget_shopping_cart_content > .mini_cart_content > .mini_cart_inner > .mcart-border > .buttons > .view-cart`, but never found it.",
                "estack": "AssertionError: Timed out retrying after 4000ms: Expected to find element: `#cart > .dropdown-menu > .widget_shopping_cart_content > .mini_cart_content > .mini_cart_inner > .mcart-border > .buttons > .view-cart`, but never found it.\n    at Object.get viewCart [as viewCart] (http://lojaebac.ebaconline.art.br/__cypress/tests?p=cypress\\e2e\\atualizaCarrinho.cy.js:659:15)\n    at Object.clicaViewCart (http://lojaebac.ebaconline.art.br/__cypress/tests?p=cypress\\e2e\\atualizaCarrinho.cy.js:663:10)\n    at Context.eval (http://lojaebac.ebaconline.art.br/__cypress/tests?p=cypress\\e2e\\atualizaCarrinho.cy.js:130:28)",
                "diff": null
              },
              "uuid": "1ff119d1-b646-448b-8cf5-fd68be97fd56",
              "parentUUID": "272dcb8b-1746-479d-ab24-dc8ab7d07c3c",
              "isHook": false,
              "skipped": false
            }
          ],
          "suites": [],
          "passes": [],
          "failures": [
            "1ff119d1-b646-448b-8cf5-fd68be97fd56"
          ],
          "pending": [],
          "skipped": [],
          "duration": 10473,
          "root": false,
          "rootEmpty": false,
          "_timeout": 2000
        }
      ],
      "passes": [],
      "failures": [],
      "pending": [],
      "skipped": [],
      "duration": 0,
      "root": true,
      "rootEmpty": true,
      "_timeout": 2000
    }
  ],
  "meta": {
    "mocha": {
      "version": "7.0.1"
    },
    "mochawesome": {
      "options": {
        "quiet": false,
        "reportFilename": "mochawesome",
        "saveHtml": false,
        "saveJson": true,
        "consoleReporter": "spec",
        "useInlineDiffs": false,
        "code": true
      },
      "version": "7.1.3"
    },
    "marge": {
      "options": {
        "reportDir": "cypress/results",
        "overwrite": false,
        "html": false,
        "json": true
      },
      "version": "6.2.0"
    }
  }
}