{
  "stats": {
    "suites": 1,
    "tests": 1,
    "passes": 0,
    "pending": 0,
    "failures": 1,
    "start": "2022-11-22T00:53:42.876Z",
    "end": "2022-11-22T00:53:55.900Z",
    "duration": 13024,
    "testsRegistered": 1,
    "passPercent": 0,
    "pendingPercent": 0,
    "other": 0,
    "hasOther": false,
    "skipped": 0,
    "hasSkipped": false
  },
  "results": [
    {
      "uuid": "7cb8023a-4283-4bfa-970a-b008e2c52992",
      "title": "",
      "fullFile": "cypress\\e2e\\removeProdutos.cy.js",
      "file": "cypress\\e2e\\removeProdutos.cy.js",
      "beforeHooks": [],
      "afterHooks": [],
      "tests": [],
      "suites": [
        {
          "uuid": "5b8fb57a-1188-4d91-97cc-3293bda83fb3",
          "title": "Login",
          "fullFile": "",
          "file": "",
          "beforeHooks": [],
          "afterHooks": [],
          "tests": [
            {
              "title": "Remover produtos do carrinho",
              "fullTitle": "Login Remover produtos do carrinho",
              "timedOut": null,
              "duration": 12909,
              "state": "failed",
              "speed": null,
              "pass": false,
              "fail": true,
              "pending": false,
              "context": null,
              "code": "cy.intercept({\n  method: 'GET',\n  url: '/carrinho/*',\n  query: {\n    term: 'View Cart'\n  }\n}, req => {\n  req.reply({\n    statusCode: 200,\n    body: `${req.query.callback}(\n                ${JSON.stringify()}\n            )`\n  });\n}), _pages.verCarrinhoPage.clicaCarrinho();\n_pages.verCarrinhoPage.clicaViewCart();\ncy.intercept({\n  method: 'GET',\n  url: 'carrinho/*',\n  query: {\n    term: 'remove this item'\n  }\n}, req => {\n  req.reply({\n    statusCode: 200,\n    body: `${req.query.callback}(\n                    ${JSON.stringify()}\n                )`\n  });\n}), _pages.removeProdutos.clicaRemover();\n_pages.removeProdutos.textProdut.contains('Ingsrid Running Jacket - S, Orange');",
              "err": {
                "message": "AssertionError: Timed out retrying after 4000ms: Expected to find content: 'Ingsrid Running Jacket - S, Orange' within the element: <div.woocommerce-message> but never did.",
                "estack": "AssertionError: Timed out retrying after 4000ms: Expected to find content: 'Ingsrid Running Jacket - S, Orange' within the element: <div.woocommerce-message> but never did.\n    at Context.eval (webpack:///./cypress/e2e/removeProdutos.cy.js:62:34)",
                "diff": null
              },
              "uuid": "823275f9-8747-4fd0-a382-6a7bf21e26c2",
              "parentUUID": "5b8fb57a-1188-4d91-97cc-3293bda83fb3",
              "isHook": false,
              "skipped": false
            }
          ],
          "suites": [],
          "passes": [],
          "failures": [
            "823275f9-8747-4fd0-a382-6a7bf21e26c2"
          ],
          "pending": [],
          "skipped": [],
          "duration": 12909,
          "root": false,
          "rootEmpty": false,
          "_timeout": 2000
        }
      ],
      "passes": [],
      "failures": [],
      "pending": [],
      "skipped": [],
      "duration": 0,
      "root": true,
      "rootEmpty": true,
      "_timeout": 2000
    }
  ],
  "meta": {
    "mocha": {
      "version": "7.0.1"
    },
    "mochawesome": {
      "options": {
        "quiet": false,
        "reportFilename": "index.html",
        "saveHtml": true,
        "saveJson": true,
        "consoleReporter": "spec",
        "useInlineDiffs": false,
        "code": true
      },
      "version": "7.1.3"
    },
    "marge": {
      "options": {
        "reportDir": "mochawesome-report",
        "reportFilename": "index.html",
        "overwrite": false,
        "html": true,
        "json": true
      },
      "version": "6.2.0"
    }
  }
}