{
  "stats": {
    "suites": 1,
    "tests": 1,
    "passes": 0,
    "pending": 0,
    "failures": 1,
    "start": "2022-09-19T23:51:54.951Z",
    "end": "2022-09-19T23:52:08.393Z",
    "duration": 13442,
    "testsRegistered": 1,
    "passPercent": 0,
    "pendingPercent": 0,
    "other": 0,
    "hasOther": false,
    "skipped": 0,
    "hasSkipped": false
  },
  "results": [
    {
      "uuid": "e38bb5ed-26fd-4a68-bf5f-8f2062fe789a",
      "title": "",
      "fullFile": "cypress\\e2e\\removeProdutos.cy.js",
      "file": "cypress\\e2e\\removeProdutos.cy.js",
      "beforeHooks": [],
      "afterHooks": [],
      "tests": [],
      "suites": [
        {
          "uuid": "cb6775aa-873c-49aa-9d54-20a2cb11bd1b",
          "title": "Login",
          "fullFile": "",
          "file": "",
          "beforeHooks": [],
          "afterHooks": [],
          "tests": [
            {
              "title": "Remover produtos do carrinho",
              "fullTitle": "Login Remover produtos do carrinho",
              "timedOut": null,
              "duration": 13298,
              "state": "failed",
              "speed": null,
              "pass": false,
              "fail": true,
              "pending": false,
              "context": null,
              "code": "cy.intercept({\n  method: 'GET',\n  url: '/carrinho/*',\n  query: {\n    term: 'View Cart'\n  }\n}, req => {\n  req.reply({\n    statusCode: 200,\n    body: `${req.query.callback}(\n                ${JSON.stringify()}\n            )`\n  });\n}), _pages.verCarrinhoPage.clicaCarrinho();\n_pages.verCarrinhoPage.clicaViewCart();\ncy.intercept({\n  method: 'GET',\n  url: 'carrinho/*',\n  query: {\n    term: 'remove this item'\n  }\n}, req => {\n  req.reply({\n    statusCode: 200,\n    body: `${req.query.callback}(\n                    ${JSON.stringify()}\n                )`\n  });\n}), _pages.removeProdutos.clicaRemover();\n_pages.removeProdutos.textProdut.contains('Ingsrid Running Jacket - S, Orange');",
              "err": {
                "message": "AssertionError: Timed out retrying after 4000ms: Expected to find content: 'Ingsrid Running Jacket - S, Orange' within the element: <a> but never did.",
                "estack": "AssertionError: Timed out retrying after 4000ms: Expected to find content: 'Ingsrid Running Jacket - S, Orange' within the element: <a> but never did.\n    at Context.eval (http://lojaebac.ebaconline.art.br/__cypress/tests?p=cypress\\e2e\\removeProdutos.cy.js:145:38)",
                "diff": null
              },
              "uuid": "3c89fe8c-0ba3-425d-8c08-79d5e12a8601",
              "parentUUID": "cb6775aa-873c-49aa-9d54-20a2cb11bd1b",
              "isHook": false,
              "skipped": false
            }
          ],
          "suites": [],
          "passes": [],
          "failures": [
            "3c89fe8c-0ba3-425d-8c08-79d5e12a8601"
          ],
          "pending": [],
          "skipped": [],
          "duration": 13298,
          "root": false,
          "rootEmpty": false,
          "_timeout": 2000
        }
      ],
      "passes": [],
      "failures": [],
      "pending": [],
      "skipped": [],
      "duration": 0,
      "root": true,
      "rootEmpty": true,
      "_timeout": 2000
    }
  ],
  "meta": {
    "mocha": {
      "version": "7.0.1"
    },
    "mochawesome": {
      "options": {
        "quiet": false,
        "reportFilename": "mochawesome",
        "saveHtml": true,
        "saveJson": true,
        "consoleReporter": "spec",
        "useInlineDiffs": false,
        "code": true
      },
      "version": "7.1.3"
    },
    "marge": {
      "options": null,
      "version": "6.2.0"
    }
  }
}